<?xml version="1.0" encoding="UTF-8"?>
<!-- Generated by org.testng.reporters.JUnitReportReporter -->
<testsuite hostname="GANESH" failures="0" tests="4" name="google.MainTest" time="60.085" errors="0" timestamp="2023-06-12T00:03:48 EDT" skipped="0">
  <testcase classname="google.MainTest" name="map" time="9.745"/>
  <system-out/>
  <testcase classname="google.MainTest" name="google" time="12.726"/>
  <system-out/>
  <testcase classname="google.MainTest" name="news" time="9.418"/>
  <system-out/>
  <testcase classname="google.MainTest" name="shop" time="28.196"/>
  <system-out/>
</testsuite> <!-- google.MainTest -->
